mode: set
github.com/lemondevxyz/coup-server/internal/game/card.go:31.32,33.2 1 1
github.com/lemondevxyz/coup-server/internal/game/claim.go:13.57,14.19 1 1
github.com/lemondevxyz/coup-server/internal/game/claim.go:22.2,22.14 1 1
github.com/lemondevxyz/coup-server/internal/game/claim.go:15.20,16.33 1 1
github.com/lemondevxyz/coup-server/internal/game/claim.go:17.19,19.26 1 1
github.com/lemondevxyz/coup-server/internal/game/claim.go:59.64,61.36 2 1
github.com/lemondevxyz/coup-server/internal/game/claim.go:65.2,65.15 1 1
github.com/lemondevxyz/coup-server/internal/game/claim.go:61.36,63.3 1 1
github.com/lemondevxyz/coup-server/internal/game/claim.go:75.33,76.42 1 1
github.com/lemondevxyz/coup-server/internal/game/claim.go:80.2,80.31 1 1
github.com/lemondevxyz/coup-server/internal/game/claim.go:84.2,84.12 1 1
github.com/lemondevxyz/coup-server/internal/game/claim.go:76.42,78.3 1 1
github.com/lemondevxyz/coup-server/internal/game/claim.go:80.31,82.3 1 1
github.com/lemondevxyz/coup-server/internal/game/claim.go:93.59,97.22 3 1
github.com/lemondevxyz/coup-server/internal/game/claim.go:102.2,102.24 1 1
github.com/lemondevxyz/coup-server/internal/game/claim.go:107.2,107.8 1 1
github.com/lemondevxyz/coup-server/internal/game/claim.go:97.22,100.3 2 1
github.com/lemondevxyz/coup-server/internal/game/claim.go:102.24,105.3 2 1
github.com/lemondevxyz/coup-server/internal/game/claim.go:112.35,113.44 1 1
github.com/lemondevxyz/coup-server/internal/game/claim.go:117.2,117.14 1 1
github.com/lemondevxyz/coup-server/internal/game/claim.go:113.44,115.3 1 1
github.com/lemondevxyz/coup-server/internal/game/claim.go:126.41,129.20 3 1
github.com/lemondevxyz/coup-server/internal/game/claim.go:132.2,134.11 2 1
github.com/lemondevxyz/coup-server/internal/game/claim.go:129.20,131.3 1 1
github.com/lemondevxyz/coup-server/internal/game/claim.go:139.29,140.44 1 1
github.com/lemondevxyz/coup-server/internal/game/claim.go:140.44,142.3 1 1
github.com/lemondevxyz/coup-server/internal/game/claim.go:147.37,148.66 1 1
github.com/lemondevxyz/coup-server/internal/game/claim.go:148.66,150.3 1 1
github.com/lemondevxyz/coup-server/internal/game/claim.go:155.24,156.44 1 1
github.com/lemondevxyz/coup-server/internal/game/claim.go:156.44,158.3 1 1
github.com/lemondevxyz/coup-server/internal/game/claim.go:163.47,169.44 2 1
github.com/lemondevxyz/coup-server/internal/game/claim.go:179.2,179.10 1 1
github.com/lemondevxyz/coup-server/internal/game/claim.go:169.44,171.3 1 1
github.com/lemondevxyz/coup-server/internal/game/claim.go:171.8,171.31 1 1
github.com/lemondevxyz/coup-server/internal/game/claim.go:171.31,173.3 1 1
github.com/lemondevxyz/coup-server/internal/game/claim.go:173.8,173.29 1 1
github.com/lemondevxyz/coup-server/internal/game/claim.go:173.29,175.3 1 1
github.com/lemondevxyz/coup-server/internal/game/claim.go:175.8,177.3 1 1
github.com/lemondevxyz/coup-server/internal/game/game.go:62.44,65.23 2 1
github.com/lemondevxyz/coup-server/internal/game/game.go:74.2,74.15 1 1
github.com/lemondevxyz/coup-server/internal/game/game.go:78.2,81.15 3 1
github.com/lemondevxyz/coup-server/internal/game/game.go:65.23,66.15 1 1
github.com/lemondevxyz/coup-server/internal/game/game.go:66.15,67.18 1 1
github.com/lemondevxyz/coup-server/internal/game/game.go:70.4,70.17 1 1
github.com/lemondevxyz/coup-server/internal/game/game.go:67.18,69.5 1 1
github.com/lemondevxyz/coup-server/internal/game/game.go:74.15,76.3 1 1
github.com/lemondevxyz/coup-server/internal/game/game.go:88.35,89.14 1 1
github.com/lemondevxyz/coup-server/internal/game/game.go:93.2,93.16 1 1
github.com/lemondevxyz/coup-server/internal/game/game.go:97.2,97.14 1 1
github.com/lemondevxyz/coup-server/internal/game/game.go:89.14,91.3 1 1
github.com/lemondevxyz/coup-server/internal/game/game.go:93.16,95.3 1 1
github.com/lemondevxyz/coup-server/internal/game/game.go:104.58,105.19 1 1
github.com/lemondevxyz/coup-server/internal/game/game.go:109.2,109.33 1 1
github.com/lemondevxyz/coup-server/internal/game/game.go:115.2,115.11 1 1
github.com/lemondevxyz/coup-server/internal/game/game.go:105.19,107.3 1 1
github.com/lemondevxyz/coup-server/internal/game/game.go:109.33,110.23 1 1
github.com/lemondevxyz/coup-server/internal/game/game.go:110.23,112.4 1 1
github.com/lemondevxyz/coup-server/internal/game/game.go:122.70,123.19 1 1
github.com/lemondevxyz/coup-server/internal/game/game.go:126.2,126.14 1 1
github.com/lemondevxyz/coup-server/internal/game/game.go:130.2,131.15 2 1
github.com/lemondevxyz/coup-server/internal/game/game.go:135.2,135.19 1 1
github.com/lemondevxyz/coup-server/internal/game/game.go:123.19,125.3 1 1
github.com/lemondevxyz/coup-server/internal/game/game.go:126.14,128.3 1 1
github.com/lemondevxyz/coup-server/internal/game/game.go:131.15,133.3 1 1
github.com/lemondevxyz/coup-server/internal/game/game.go:140.65,142.2 1 1
github.com/lemondevxyz/coup-server/internal/game/game.go:147.45,151.2 3 1
github.com/lemondevxyz/coup-server/internal/game/game.go:155.60,157.2 1 1
github.com/lemondevxyz/coup-server/internal/game/game.go:189.61,192.20 3 1
github.com/lemondevxyz/coup-server/internal/game/game.go:196.2,197.36 2 1
github.com/lemondevxyz/coup-server/internal/game/game.go:201.2,202.16 2 1
github.com/lemondevxyz/coup-server/internal/game/game.go:206.2,209.12 3 1
github.com/lemondevxyz/coup-server/internal/game/game.go:192.20,194.3 1 1
github.com/lemondevxyz/coup-server/internal/game/game.go:197.36,199.3 1 1
github.com/lemondevxyz/coup-server/internal/game/game.go:202.16,204.3 1 1
github.com/lemondevxyz/coup-server/internal/game/game.go:214.34,218.20 3 1
github.com/lemondevxyz/coup-server/internal/game/game.go:224.2,229.12 4 1
github.com/lemondevxyz/coup-server/internal/game/game.go:218.20,220.3 1 1
github.com/lemondevxyz/coup-server/internal/game/game.go:220.8,220.33 1 1
github.com/lemondevxyz/coup-server/internal/game/game.go:220.33,222.3 1 1
github.com/lemondevxyz/coup-server/internal/game/game.go:235.57,239.20 3 1
github.com/lemondevxyz/coup-server/internal/game/game.go:247.2,248.25 2 1
github.com/lemondevxyz/coup-server/internal/game/game.go:252.2,263.12 8 1
github.com/lemondevxyz/coup-server/internal/game/game.go:239.20,241.3 1 1
github.com/lemondevxyz/coup-server/internal/game/game.go:241.8,241.33 1 1
github.com/lemondevxyz/coup-server/internal/game/game.go:241.33,243.3 1 1
github.com/lemondevxyz/coup-server/internal/game/game.go:243.8,243.41 1 1
github.com/lemondevxyz/coup-server/internal/game/game.go:243.41,245.3 1 1
github.com/lemondevxyz/coup-server/internal/game/game.go:248.25,250.3 1 1
github.com/lemondevxyz/coup-server/internal/game/game.go:272.58,276.20 3 1
github.com/lemondevxyz/coup-server/internal/game/game.go:284.2,301.21 14 1
github.com/lemondevxyz/coup-server/internal/game/game.go:276.20,278.3 1 1
github.com/lemondevxyz/coup-server/internal/game/game.go:278.8,278.34 1 1
github.com/lemondevxyz/coup-server/internal/game/game.go:278.34,280.3 1 1
github.com/lemondevxyz/coup-server/internal/game/game.go:280.8,280.64 1 1
github.com/lemondevxyz/coup-server/internal/game/game.go:280.64,282.3 1 1
github.com/lemondevxyz/coup-server/internal/game/game.go:309.39,310.50 1 1
github.com/lemondevxyz/coup-server/internal/game/game.go:314.2,314.36 1 1
github.com/lemondevxyz/coup-server/internal/game/game.go:318.2,321.14 4 1
github.com/lemondevxyz/coup-server/internal/game/game.go:332.2,335.24 3 1
github.com/lemondevxyz/coup-server/internal/game/game.go:349.2,349.12 1 1
github.com/lemondevxyz/coup-server/internal/game/game.go:310.50,312.3 1 1
github.com/lemondevxyz/coup-server/internal/game/game.go:314.36,316.3 1 1
github.com/lemondevxyz/coup-server/internal/game/game.go:321.14,322.41 1 1
github.com/lemondevxyz/coup-server/internal/game/game.go:326.3,327.76 2 1
github.com/lemondevxyz/coup-server/internal/game/game.go:322.41,324.4 1 1
github.com/lemondevxyz/coup-server/internal/game/game.go:327.76,329.4 1 1
github.com/lemondevxyz/coup-server/internal/game/game.go:335.24,338.3 2 1
github.com/lemondevxyz/coup-server/internal/game/game.go:338.8,338.31 1 1
github.com/lemondevxyz/coup-server/internal/game/game.go:338.31,339.45 1 1
github.com/lemondevxyz/coup-server/internal/game/game.go:343.3,344.19 2 1
github.com/lemondevxyz/coup-server/internal/game/game.go:339.45,341.4 1 1
github.com/lemondevxyz/coup-server/internal/game/game.go:345.8,347.3 1 1
github.com/lemondevxyz/coup-server/internal/game/game.go:354.33,359.24 4 1
github.com/lemondevxyz/coup-server/internal/game/game.go:367.2,375.12 6 1
github.com/lemondevxyz/coup-server/internal/game/game.go:359.24,361.3 1 1
github.com/lemondevxyz/coup-server/internal/game/game.go:361.8,361.31 1 1
github.com/lemondevxyz/coup-server/internal/game/game.go:361.31,363.3 1 1
github.com/lemondevxyz/coup-server/internal/game/game.go:363.8,365.3 1 1
github.com/lemondevxyz/coup-server/internal/game/game.go:379.27,382.2 2 1
github.com/lemondevxyz/coup-server/internal/game/game.go:387.45,388.15 1 1
github.com/lemondevxyz/coup-server/internal/game/game.go:394.2,394.32 1 1
github.com/lemondevxyz/coup-server/internal/game/game.go:388.15,389.23 1 1
github.com/lemondevxyz/coup-server/internal/game/game.go:389.23,391.4 1 1
github.com/lemondevxyz/coup-server/internal/game/game.go:399.76,400.15 1 1
github.com/lemondevxyz/coup-server/internal/game/game.go:406.2,408.8 2 1
github.com/lemondevxyz/coup-server/internal/game/game.go:400.15,401.23 1 1
github.com/lemondevxyz/coup-server/internal/game/game.go:401.23,403.4 1 1
github.com/lemondevxyz/coup-server/internal/game/game.go:413.59,414.15 1 1
github.com/lemondevxyz/coup-server/internal/game/game.go:420.2,422.8 2 1
github.com/lemondevxyz/coup-server/internal/game/game.go:414.15,415.23 1 1
github.com/lemondevxyz/coup-server/internal/game/game.go:415.23,417.4 1 1
github.com/lemondevxyz/coup-server/internal/game/hand.go:17.31,17.74 1 1
github.com/lemondevxyz/coup-server/internal/game/hand.go:21.44,23.20 2 1
github.com/lemondevxyz/coup-server/internal/game/hand.go:27.2,28.16 2 1
github.com/lemondevxyz/coup-server/internal/game/hand.go:32.2,33.16 2 1
github.com/lemondevxyz/coup-server/internal/game/hand.go:37.2,39.12 2 1
github.com/lemondevxyz/coup-server/internal/game/hand.go:23.20,25.3 1 1
github.com/lemondevxyz/coup-server/internal/game/hand.go:28.16,30.3 1 1
github.com/lemondevxyz/coup-server/internal/game/hand.go:33.16,35.3 1 1
github.com/lemondevxyz/coup-server/internal/game/hand.go:43.30,45.2 1 1
github.com/lemondevxyz/coup-server/internal/game/hand.go:48.36,50.2 1 1
github.com/lemondevxyz/coup-server/internal/game/notifier.go:30.59,38.2 5 1
github.com/lemondevxyz/coup-server/internal/game/notifier.go:41.47,45.2 3 1
github.com/lemondevxyz/coup-server/internal/game/notifier.go:48.31,51.28 3 1
github.com/lemondevxyz/coup-server/internal/game/notifier.go:54.2,54.17 1 1
github.com/lemondevxyz/coup-server/internal/game/notifier.go:51.28,53.3 1 1
github.com/lemondevxyz/coup-server/internal/game/notifier.go:58.38,60.2 1 1
github.com/lemondevxyz/coup-server/internal/game/notifier.go:66.41,70.2 3 1
github.com/lemondevxyz/coup-server/internal/game/notifier.go:73.30,77.2 1 1
github.com/lemondevxyz/coup-server/internal/game/player.go:15.32,16.12 1 1
github.com/lemondevxyz/coup-server/internal/game/player.go:20.2,20.22 1 1
github.com/lemondevxyz/coup-server/internal/game/player.go:25.2,25.14 1 1
github.com/lemondevxyz/coup-server/internal/game/player.go:16.12,18.3 1 1
github.com/lemondevxyz/coup-server/internal/game/player.go:20.22,23.3 2 1
github.com/lemondevxyz/coup-server/internal/game/action.go:33.47,34.17 1 1
github.com/lemondevxyz/coup-server/internal/game/action.go:38.2,38.21 1 1
github.com/lemondevxyz/coup-server/internal/game/action.go:34.17,36.3 1 1
github.com/lemondevxyz/coup-server/internal/game/action.go:46.38,46.68 1 1
github.com/lemondevxyz/coup-server/internal/game/action.go:52.44,52.74 1 1
github.com/lemondevxyz/coup-server/internal/game/action.go:57.36,57.66 1 1
github.com/lemondevxyz/coup-server/internal/game/action.go:61.50,63.33 2 1
github.com/lemondevxyz/coup-server/internal/game/action.go:74.2,74.16 1 1
github.com/lemondevxyz/coup-server/internal/game/action.go:63.33,64.16 1 1
github.com/lemondevxyz/coup-server/internal/game/action.go:65.10,66.26 1 1
github.com/lemondevxyz/coup-server/internal/game/action.go:67.10,68.26 1 1
github.com/lemondevxyz/coup-server/internal/game/action.go:70.8,72.3 1 1
github.com/lemondevxyz/coup-server/internal/game/action.go:82.89,83.50 1 1
github.com/lemondevxyz/coup-server/internal/game/action.go:87.2,87.51 1 1
github.com/lemondevxyz/coup-server/internal/game/action.go:83.50,85.3 1 1
github.com/lemondevxyz/coup-server/internal/game/action.go:102.68,104.2 1 1
github.com/lemondevxyz/coup-server/internal/game/action.go:111.72,113.2 1 1
github.com/lemondevxyz/coup-server/internal/game/action.go:119.74,121.14 2 1
github.com/lemondevxyz/coup-server/internal/game/action.go:125.2,125.64 1 1
github.com/lemondevxyz/coup-server/internal/game/action.go:121.14,123.3 1 1
github.com/lemondevxyz/coup-server/internal/game/action.go:138.93,142.46 3 1
github.com/lemondevxyz/coup-server/internal/game/action.go:146.2,146.19 1 1
github.com/lemondevxyz/coup-server/internal/game/action.go:150.2,150.19 1 1
github.com/lemondevxyz/coup-server/internal/game/action.go:154.2,154.8 1 1
github.com/lemondevxyz/coup-server/internal/game/action.go:142.46,144.3 1 1
github.com/lemondevxyz/coup-server/internal/game/action.go:146.19,148.3 1 1
github.com/lemondevxyz/coup-server/internal/game/action.go:150.19,152.3 1 1
github.com/lemondevxyz/coup-server/internal/game/action.go:157.57,160.2 2 1
github.com/lemondevxyz/coup-server/internal/game/action.go:210.33,211.42 1 1
github.com/lemondevxyz/coup-server/internal/game/action.go:215.2,215.24 1 1
github.com/lemondevxyz/coup-server/internal/game/action.go:221.2,221.28 1 1
github.com/lemondevxyz/coup-server/internal/game/action.go:227.2,227.82 1 1
github.com/lemondevxyz/coup-server/internal/game/action.go:231.2,231.12 1 1
github.com/lemondevxyz/coup-server/internal/game/action.go:211.42,213.3 1 1
github.com/lemondevxyz/coup-server/internal/game/action.go:215.24,216.45 1 1
github.com/lemondevxyz/coup-server/internal/game/action.go:216.45,218.4 1 1
github.com/lemondevxyz/coup-server/internal/game/action.go:221.28,222.27 1 1
github.com/lemondevxyz/coup-server/internal/game/action.go:222.27,224.4 1 1
github.com/lemondevxyz/coup-server/internal/game/action.go:227.82,229.3 1 1
github.com/lemondevxyz/coup-server/internal/game/action.go:241.23,242.16 1 1
github.com/lemondevxyz/coup-server/internal/game/action.go:243.20,244.48 1 1
github.com/lemondevxyz/coup-server/internal/game/action.go:245.18,246.96 1 1
github.com/lemondevxyz/coup-server/internal/game/action.go:247.26,248.54 1 1
github.com/lemondevxyz/coup-server/internal/game/action.go:249.23,250.22 1 1
github.com/lemondevxyz/coup-server/internal/game/action.go:260.29,261.75 1 1
github.com/lemondevxyz/coup-server/internal/game/action.go:251.21,252.101 1 1
github.com/lemondevxyz/coup-server/internal/game/action.go:253.17,254.47 1 1
github.com/lemondevxyz/coup-server/internal/game/action.go:255.20,256.84 1 1
github.com/lemondevxyz/coup-server/internal/game/action.go:257.23,258.106 1 1
github.com/lemondevxyz/coup-server/internal/game/action.go:267.53,269.57 2 1
github.com/lemondevxyz/coup-server/internal/game/action.go:272.2,274.24 2 1
github.com/lemondevxyz/coup-server/internal/game/action.go:287.2,287.12 1 1
github.com/lemondevxyz/coup-server/internal/game/action.go:269.57,271.3 1 1
github.com/lemondevxyz/coup-server/internal/game/action.go:274.24,276.58 2 1
github.com/lemondevxyz/coup-server/internal/game/action.go:280.3,280.33 1 1
github.com/lemondevxyz/coup-server/internal/game/action.go:284.3,284.29 1 1
github.com/lemondevxyz/coup-server/internal/game/action.go:276.58,278.4 1 1
github.com/lemondevxyz/coup-server/internal/game/action.go:280.33,282.4 1 1
github.com/lemondevxyz/coup-server/internal/game/action.go:290.44,291.14 1 1
github.com/lemondevxyz/coup-server/internal/game/action.go:297.2,298.40 2 1
github.com/lemondevxyz/coup-server/internal/game/action.go:304.2,304.12 1 1
github.com/lemondevxyz/coup-server/internal/game/action.go:291.14,293.3 1 1
github.com/lemondevxyz/coup-server/internal/game/action.go:293.8,293.28 1 1
github.com/lemondevxyz/coup-server/internal/game/action.go:293.28,295.3 1 1
github.com/lemondevxyz/coup-server/internal/game/action.go:298.40,300.3 1 1
github.com/lemondevxyz/coup-server/internal/game/action.go:300.8,300.39 1 1
github.com/lemondevxyz/coup-server/internal/game/action.go:300.39,302.3 1 1
github.com/lemondevxyz/coup-server/internal/game/action.go:307.52,308.31 1 1
github.com/lemondevxyz/coup-server/internal/game/action.go:313.2,313.14 1 1
github.com/lemondevxyz/coup-server/internal/game/action.go:308.31,311.3 1 1
